<?xml version="1.0" encoding="UTF-8"?>
<testsuite xmlns:xsi="http://www.w3.org/2001/XMLSchema-instance" xsi:noNamespaceSchemaLocation="https://maven.apache.org/surefire/maven-surefire-plugin/xsd/surefire-test-report-3.0.xsd" version="3.0" name="chargetransfer.ChargeTransferBlockTaskTest" time="17.668" tests="4" errors="0" skipped="0" failures="0">
  <properties>
    <property name="java.specification.version" value="21"/>
    <property name="sun.cpu.isalist" value="amd64"/>
    <property name="sun.jnu.encoding" value="Cp1251"/>
    <property name="java.class.path" value="C:\MyProjects\EV_Charging_Point\target\test-classes;C:\MyProjects\EV_Charging_Point\target\classes;C:\Users\Admin\.m2\repository\org\mycorp\V2GProtocolMessages\1.0\V2GProtocolMessages-1.0.jar;C:\Users\Admin\.m2\repository\javax\xml\bind\jaxb-api\2.3.1\jaxb-api-2.3.1.jar;C:\Users\Admin\.m2\repository\javax\activation\javax.activation-api\1.2.0\javax.activation-api-1.2.0.jar;C:\Users\Admin\.m2\repository\com\sun\xml\bind\jaxb-impl\2.3.3\jaxb-impl-2.3.3.jar;C:\Users\Admin\.m2\repository\jakarta\xml\bind\jakarta.xml.bind-api\2.3.3\jakarta.xml.bind-api-2.3.3.jar;C:\Users\Admin\.m2\repository\com\sun\activation\jakarta.activation\1.2.2\jakarta.activation-1.2.2.jar;C:\Users\Admin\.m2\repository\com\siemens\ct\exi\exificient\1.0.7\exificient-1.0.7.jar;C:\Users\Admin\.m2\repository\com\siemens\ct\exi\exificient-core\1.0.7\exificient-core-1.0.7.jar;C:\Users\Admin\.m2\repository\com\siemens\ct\exi\exificient-grammars\1.0.7\exificient-grammars-1.0.7.jar;C:\Users\Admin\.m2\repository\xerces\xercesImpl\2.12.2\xercesImpl-2.12.2.jar;C:\Users\Admin\.m2\repository\xml-apis\xml-apis\1.4.01\xml-apis-1.4.01.jar;C:\Users\Admin\.m2\repository\xmlpull\xmlpull\1.1.3.1\xmlpull-1.1.3.1.jar;C:\Users\Admin\.m2\repository\javax\activation\activation\1.1.1\activation-1.1.1.jar;C:\Users\Admin\.m2\repository\org\springframework\spring-context\6.1.6\spring-context-6.1.6.jar;C:\Users\Admin\.m2\repository\org\springframework\spring-beans\6.1.6\spring-beans-6.1.6.jar;C:\Users\Admin\.m2\repository\org\springframework\spring-core\6.1.6\spring-core-6.1.6.jar;C:\Users\Admin\.m2\repository\org\springframework\spring-jcl\6.1.6\spring-jcl-6.1.6.jar;C:\Users\Admin\.m2\repository\org\springframework\spring-expression\6.1.6\spring-expression-6.1.6.jar;C:\Users\Admin\.m2\repository\io\micrometer\micrometer-observation\1.12.5\micrometer-observation-1.12.5.jar;C:\Users\Admin\.m2\repository\io\micrometer\micrometer-commons\1.12.5\micrometer-commons-1.12.5.jar;C:\Users\Admin\.m2\repository\org\apache\mina\mina-core\2.1.7\mina-core-2.1.7.jar;C:\Users\Admin\.m2\repository\eu\chargetime\ocpp\v1_6\1.1.0\v1_6-1.1.0.jar;C:\Users\Admin\.m2\repository\eu\chargetime\ocpp\common\1.0.2\common-1.0.2.jar;C:\Users\Admin\.m2\repository\javax\xml\soap\javax.xml.soap-api\1.4.0\javax.xml.soap-api-1.4.0.jar;C:\Users\Admin\.m2\repository\org\java-websocket\Java-WebSocket\1.5.2\Java-WebSocket-1.5.2.jar;C:\Users\Admin\.m2\repository\eu\chargetime\ocpp\OCPP-J\1.0.2\OCPP-J-1.0.2.jar;C:\Users\Admin\.m2\repository\com\google\code\gson\gson\2.8.9\gson-2.8.9.jar;C:\Users\Admin\.m2\repository\junit\junit\4.13.2\junit-4.13.2.jar;C:\Users\Admin\.m2\repository\org\hamcrest\hamcrest-core\1.3\hamcrest-core-1.3.jar;C:\Users\Admin\.m2\repository\org\mockito\mockito-core\3.1.0\mockito-core-3.1.0.jar;C:\Users\Admin\.m2\repository\net\bytebuddy\byte-buddy\1.9.10\byte-buddy-1.9.10.jar;C:\Users\Admin\.m2\repository\net\bytebuddy\byte-buddy-agent\1.9.10\byte-buddy-agent-1.9.10.jar;C:\Users\Admin\.m2\repository\org\objenesis\objenesis\2.6\objenesis-2.6.jar;C:\Users\Admin\.m2\repository\javax\annotation\javax.annotation-api\1.3.2\javax.annotation-api-1.3.2.jar;C:\Users\Admin\.m2\repository\org\springframework\statemachine\spring-statemachine-core\4.0.0\spring-statemachine-core-4.0.0.jar;C:\Users\Admin\.m2\repository\org\springframework\spring-tx\6.0.14\spring-tx-6.0.14.jar;C:\Users\Admin\.m2\repository\org\springframework\spring-messaging\6.0.14\spring-messaging-6.0.14.jar;C:\Users\Admin\.m2\repository\io\projectreactor\reactor-core\3.5.12\reactor-core-3.5.12.jar;C:\Users\Admin\.m2\repository\org\reactivestreams\reactive-streams\1.0.4\reactive-streams-1.0.4.jar;C:\Users\Admin\.m2\repository\org\springframework\spring-test\5.2.2.RELEASE\spring-test-5.2.2.RELEASE.jar;C:\Users\Admin\.m2\repository\org\springframework\spring-aop\6.1.6\spring-aop-6.1.6.jar;C:\Users\Admin\.m2\repository\org\aspectj\aspectjweaver\1.9.7\aspectjweaver-1.9.7.jar;C:\Users\Admin\.m2\repository\org\aspectj\aspectjrt\1.8.7\aspectjrt-1.8.7.jar;C:\Users\Admin\.m2\repository\org\slf4j\slf4j-api\2.0.13\slf4j-api-2.0.13.jar;C:\Users\Admin\.m2\repository\org\projectlombok\lombok\1.18.32\lombok-1.18.32.jar;C:\Users\Admin\.m2\repository\ch\qos\logback\logback-classic\1.5.6\logback-classic-1.5.6.jar;C:\Users\Admin\.m2\repository\ch\qos\logback\logback-core\1.5.6\logback-core-1.5.6.jar;C:\Users\Admin\.m2\repository\org\apache\maven\plugins\maven-assembly-plugin\3.7.1\maven-assembly-plugin-3.7.1.jar;C:\Users\Admin\.m2\repository\org\apache\maven\resolver\maven-resolver-util\1.4.1\maven-resolver-util-1.4.1.jar;C:\Users\Admin\.m2\repository\org\apache\maven\resolver\maven-resolver-api\1.4.1\maven-resolver-api-1.4.1.jar;C:\Users\Admin\.m2\repository\org\apache\maven\shared\maven-common-artifact-filters\3.3.2\maven-common-artifact-filters-3.3.2.jar;C:\Users\Admin\.m2\repository\org\codehaus\plexus\plexus-interpolation\1.27\plexus-interpolation-1.27.jar;C:\Users\Admin\.m2\repository\commons-io\commons-io\2.15.1\commons-io-2.15.1.jar;C:\Users\Admin\.m2\repository\org\apache\maven\shared\maven-filtering\3.3.2\maven-filtering-3.3.2.jar;C:\Users\Admin\.m2\repository\javax\inject\javax.inject\1\javax.inject-1.jar;C:\Users\Admin\.m2\repository\org\sonatype\plexus\plexus-build-api\0.0.7\plexus-build-api-0.0.7.jar;C:\Users\Admin\.m2\repository\org\apache\commons\commons-lang3\3.14.0\commons-lang3-3.14.0.jar;C:\Users\Admin\.m2\repository\org\codehaus\plexus\plexus-io\3.4.2\plexus-io-3.4.2.jar;C:\Users\Admin\.m2\repository\org\codehaus\plexus\plexus-archiver\4.9.2\plexus-archiver-4.9.2.jar;C:\Users\Admin\.m2\repository\org\apache\commons\commons-compress\1.26.1\commons-compress-1.26.1.jar;C:\Users\Admin\.m2\repository\commons-codec\commons-codec\1.16.1\commons-codec-1.16.1.jar;C:\Users\Admin\.m2\repository\org\iq80\snappy\snappy\0.4\snappy-0.4.jar;C:\Users\Admin\.m2\repository\org\tukaani\xz\1.9\xz-1.9.jar;C:\Users\Admin\.m2\repository\com\github\luben\zstd-jni\1.5.5-11\zstd-jni-1.5.5-11.jar;C:\Users\Admin\.m2\repository\org\apache\maven\maven-archiver\3.6.1\maven-archiver-3.6.1.jar;C:\Users\Admin\.m2\repository\org\codehaus\plexus\plexus-utils\4.0.0\plexus-utils-4.0.0.jar;C:\Users\Admin\.m2\repository\org\codehaus\plexus\plexus-xml\3.0.0\plexus-xml-3.0.0.jar;"/>
    <property name="java.vm.vendor" value="Oracle Corporation"/>
    <property name="sun.arch.data.model" value="64"/>
    <property name="user.variant" value=""/>
    <property name="java.vendor.url" value="https://java.oracle.com/"/>
    <property name="user.timezone" value="Asia/Novosibirsk"/>
    <property name="os.name" value="Windows 11"/>
    <property name="java.vm.specification.version" value="21"/>
    <property name="sun.java.launcher" value="SUN_STANDARD"/>
    <property name="user.country" value="RU"/>
    <property name="sun.boot.library.path" value="C:\Program Files\Java\jdk-21\bin"/>
    <property name="sun.java.command" value="C:\Users\Admin\AppData\Local\Temp\surefire5957447485312012175\surefirebooter-20240509012840953_3.jar C:\Users\Admin\AppData\Local\Temp\surefire5957447485312012175 2024-05-09T01-28-40_865-jvmRun1 surefire-20240509012840953_1tmp surefire_0-20240509012840953_2tmp"/>
    <property name="jdk.debug" value="release"/>
    <property name="surefire.test.class.path" value="C:\MyProjects\EV_Charging_Point\target\test-classes;C:\MyProjects\EV_Charging_Point\target\classes;C:\Users\Admin\.m2\repository\org\mycorp\V2GProtocolMessages\1.0\V2GProtocolMessages-1.0.jar;C:\Users\Admin\.m2\repository\javax\xml\bind\jaxb-api\2.3.1\jaxb-api-2.3.1.jar;C:\Users\Admin\.m2\repository\javax\activation\javax.activation-api\1.2.0\javax.activation-api-1.2.0.jar;C:\Users\Admin\.m2\repository\com\sun\xml\bind\jaxb-impl\2.3.3\jaxb-impl-2.3.3.jar;C:\Users\Admin\.m2\repository\jakarta\xml\bind\jakarta.xml.bind-api\2.3.3\jakarta.xml.bind-api-2.3.3.jar;C:\Users\Admin\.m2\repository\com\sun\activation\jakarta.activation\1.2.2\jakarta.activation-1.2.2.jar;C:\Users\Admin\.m2\repository\com\siemens\ct\exi\exificient\1.0.7\exificient-1.0.7.jar;C:\Users\Admin\.m2\repository\com\siemens\ct\exi\exificient-core\1.0.7\exificient-core-1.0.7.jar;C:\Users\Admin\.m2\repository\com\siemens\ct\exi\exificient-grammars\1.0.7\exificient-grammars-1.0.7.jar;C:\Users\Admin\.m2\repository\xerces\xercesImpl\2.12.2\xercesImpl-2.12.2.jar;C:\Users\Admin\.m2\repository\xml-apis\xml-apis\1.4.01\xml-apis-1.4.01.jar;C:\Users\Admin\.m2\repository\xmlpull\xmlpull\1.1.3.1\xmlpull-1.1.3.1.jar;C:\Users\Admin\.m2\repository\javax\activation\activation\1.1.1\activation-1.1.1.jar;C:\Users\Admin\.m2\repository\org\springframework\spring-context\6.1.6\spring-context-6.1.6.jar;C:\Users\Admin\.m2\repository\org\springframework\spring-beans\6.1.6\spring-beans-6.1.6.jar;C:\Users\Admin\.m2\repository\org\springframework\spring-core\6.1.6\spring-core-6.1.6.jar;C:\Users\Admin\.m2\repository\org\springframework\spring-jcl\6.1.6\spring-jcl-6.1.6.jar;C:\Users\Admin\.m2\repository\org\springframework\spring-expression\6.1.6\spring-expression-6.1.6.jar;C:\Users\Admin\.m2\repository\io\micrometer\micrometer-observation\1.12.5\micrometer-observation-1.12.5.jar;C:\Users\Admin\.m2\repository\io\micrometer\micrometer-commons\1.12.5\micrometer-commons-1.12.5.jar;C:\Users\Admin\.m2\repository\org\apache\mina\mina-core\2.1.7\mina-core-2.1.7.jar;C:\Users\Admin\.m2\repository\eu\chargetime\ocpp\v1_6\1.1.0\v1_6-1.1.0.jar;C:\Users\Admin\.m2\repository\eu\chargetime\ocpp\common\1.0.2\common-1.0.2.jar;C:\Users\Admin\.m2\repository\javax\xml\soap\javax.xml.soap-api\1.4.0\javax.xml.soap-api-1.4.0.jar;C:\Users\Admin\.m2\repository\org\java-websocket\Java-WebSocket\1.5.2\Java-WebSocket-1.5.2.jar;C:\Users\Admin\.m2\repository\eu\chargetime\ocpp\OCPP-J\1.0.2\OCPP-J-1.0.2.jar;C:\Users\Admin\.m2\repository\com\google\code\gson\gson\2.8.9\gson-2.8.9.jar;C:\Users\Admin\.m2\repository\junit\junit\4.13.2\junit-4.13.2.jar;C:\Users\Admin\.m2\repository\org\hamcrest\hamcrest-core\1.3\hamcrest-core-1.3.jar;C:\Users\Admin\.m2\repository\org\mockito\mockito-core\3.1.0\mockito-core-3.1.0.jar;C:\Users\Admin\.m2\repository\net\bytebuddy\byte-buddy\1.9.10\byte-buddy-1.9.10.jar;C:\Users\Admin\.m2\repository\net\bytebuddy\byte-buddy-agent\1.9.10\byte-buddy-agent-1.9.10.jar;C:\Users\Admin\.m2\repository\org\objenesis\objenesis\2.6\objenesis-2.6.jar;C:\Users\Admin\.m2\repository\javax\annotation\javax.annotation-api\1.3.2\javax.annotation-api-1.3.2.jar;C:\Users\Admin\.m2\repository\org\springframework\statemachine\spring-statemachine-core\4.0.0\spring-statemachine-core-4.0.0.jar;C:\Users\Admin\.m2\repository\org\springframework\spring-tx\6.0.14\spring-tx-6.0.14.jar;C:\Users\Admin\.m2\repository\org\springframework\spring-messaging\6.0.14\spring-messaging-6.0.14.jar;C:\Users\Admin\.m2\repository\io\projectreactor\reactor-core\3.5.12\reactor-core-3.5.12.jar;C:\Users\Admin\.m2\repository\org\reactivestreams\reactive-streams\1.0.4\reactive-streams-1.0.4.jar;C:\Users\Admin\.m2\repository\org\springframework\spring-test\5.2.2.RELEASE\spring-test-5.2.2.RELEASE.jar;C:\Users\Admin\.m2\repository\org\springframework\spring-aop\6.1.6\spring-aop-6.1.6.jar;C:\Users\Admin\.m2\repository\org\aspectj\aspectjweaver\1.9.7\aspectjweaver-1.9.7.jar;C:\Users\Admin\.m2\repository\org\aspectj\aspectjrt\1.8.7\aspectjrt-1.8.7.jar;C:\Users\Admin\.m2\repository\org\slf4j\slf4j-api\2.0.13\slf4j-api-2.0.13.jar;C:\Users\Admin\.m2\repository\org\projectlombok\lombok\1.18.32\lombok-1.18.32.jar;C:\Users\Admin\.m2\repository\ch\qos\logback\logback-classic\1.5.6\logback-classic-1.5.6.jar;C:\Users\Admin\.m2\repository\ch\qos\logback\logback-core\1.5.6\logback-core-1.5.6.jar;C:\Users\Admin\.m2\repository\org\apache\maven\plugins\maven-assembly-plugin\3.7.1\maven-assembly-plugin-3.7.1.jar;C:\Users\Admin\.m2\repository\org\apache\maven\resolver\maven-resolver-util\1.4.1\maven-resolver-util-1.4.1.jar;C:\Users\Admin\.m2\repository\org\apache\maven\resolver\maven-resolver-api\1.4.1\maven-resolver-api-1.4.1.jar;C:\Users\Admin\.m2\repository\org\apache\maven\shared\maven-common-artifact-filters\3.3.2\maven-common-artifact-filters-3.3.2.jar;C:\Users\Admin\.m2\repository\org\codehaus\plexus\plexus-interpolation\1.27\plexus-interpolation-1.27.jar;C:\Users\Admin\.m2\repository\commons-io\commons-io\2.15.1\commons-io-2.15.1.jar;C:\Users\Admin\.m2\repository\org\apache\maven\shared\maven-filtering\3.3.2\maven-filtering-3.3.2.jar;C:\Users\Admin\.m2\repository\javax\inject\javax.inject\1\javax.inject-1.jar;C:\Users\Admin\.m2\repository\org\sonatype\plexus\plexus-build-api\0.0.7\plexus-build-api-0.0.7.jar;C:\Users\Admin\.m2\repository\org\apache\commons\commons-lang3\3.14.0\commons-lang3-3.14.0.jar;C:\Users\Admin\.m2\repository\org\codehaus\plexus\plexus-io\3.4.2\plexus-io-3.4.2.jar;C:\Users\Admin\.m2\repository\org\codehaus\plexus\plexus-archiver\4.9.2\plexus-archiver-4.9.2.jar;C:\Users\Admin\.m2\repository\org\apache\commons\commons-compress\1.26.1\commons-compress-1.26.1.jar;C:\Users\Admin\.m2\repository\commons-codec\commons-codec\1.16.1\commons-codec-1.16.1.jar;C:\Users\Admin\.m2\repository\org\iq80\snappy\snappy\0.4\snappy-0.4.jar;C:\Users\Admin\.m2\repository\org\tukaani\xz\1.9\xz-1.9.jar;C:\Users\Admin\.m2\repository\com\github\luben\zstd-jni\1.5.5-11\zstd-jni-1.5.5-11.jar;C:\Users\Admin\.m2\repository\org\apache\maven\maven-archiver\3.6.1\maven-archiver-3.6.1.jar;C:\Users\Admin\.m2\repository\org\codehaus\plexus\plexus-utils\4.0.0\plexus-utils-4.0.0.jar;C:\Users\Admin\.m2\repository\org\codehaus\plexus\plexus-xml\3.0.0\plexus-xml-3.0.0.jar;"/>
    <property name="sun.cpu.endian" value="little"/>
    <property name="user.home" value="C:\Users\Admin"/>
    <property name="user.language" value="ru"/>
    <property name="java.specification.vendor" value="Oracle Corporation"/>
    <property name="java.version.date" value="2024-01-16"/>
    <property name="java.home" value="C:\Program Files\Java\jdk-21"/>
    <property name="file.separator" value="\"/>
    <property name="basedir" value="C:\MyProjects\EV_Charging_Point"/>
    <property name="java.vm.compressedOopsMode" value="Zero based"/>
    <property name="line.separator" value="&#10;"/>
    <property name="java.vm.specification.vendor" value="Oracle Corporation"/>
    <property name="java.specification.name" value="Java Platform API Specification"/>
    <property name="surefire.real.class.path" value="C:\Users\Admin\AppData\Local\Temp\surefire5957447485312012175\surefirebooter-20240509012840953_3.jar"/>
    <property name="user.script" value=""/>
    <property name="sun.management.compiler" value="HotSpot 64-Bit Tiered Compilers"/>
    <property name="java.runtime.version" value="21.0.2+13-LTS-58"/>
    <property name="user.name" value="Admin"/>
    <property name="stdout.encoding" value="Cp1251"/>
    <property name="path.separator" value=";"/>
    <property name="os.version" value="10.0"/>
    <property name="java.runtime.name" value="Java(TM) SE Runtime Environment"/>
    <property name="file.encoding" value="UTF-8"/>
    <property name="java.vm.name" value="Java HotSpot(TM) 64-Bit Server VM"/>
    <property name="localRepository" value="C:\Users\Admin\.m2\repository"/>
    <property name="java.vendor.url.bug" value="https://bugreport.java.com/bugreport/"/>
    <property name="java.io.tmpdir" value="C:\Users\Admin\AppData\Local\Temp\"/>
    <property name="java.version" value="21.0.2"/>
    <property name="user.dir" value="C:\MyProjects\EV_Charging_Point"/>
    <property name="os.arch" value="amd64"/>
    <property name="java.vm.specification.name" value="Java Virtual Machine Specification"/>
    <property name="sun.os.patch.level" value=""/>
    <property name="native.encoding" value="Cp1251"/>
    <property name="java.library.path" value="C:\Program Files\Java\jdk-21\bin;C:\WINDOWS\Sun\Java\bin;C:\WINDOWS\system32;C:\WINDOWS;C:\Program Files\Common Files\Oracle\Java\javapath;C:\WINDOWS\system32;C:\WINDOWS;C:\WINDOWS\System32\Wbem;C:\WINDOWS\System32\WindowsPowerShell\v1.0\;C:\WINDOWS\System32\OpenSSH\;C:\Program Files\nodejs\;C:\Program Files (x86)\Windows Kits\10\Windows Performance Toolkit\;C:\Program Files\Git\cmd;C:\Users\Admin\AppData\Local\.meteor/;C:\Program Files\nodejs\node_modules\npm\node_modules\npm-lifecycle\node-gyp-bin;C:\Users\Admin\AppData\Roaming\npm\node_modules\meteor\node_modules\.bin;C:\Users\Admin\AppData\Roaming\npm\node_modules\.bin;C:\Users\Admin\AppData\Roaming\npm;C:\Program Files\nodejs\;C:\Windows\system32;C:\Windows;C:\Windows\System32\Wbem;C:\Windows\System32\WindowsPowerShell\v1.0\;C:\Windows\System32\OpenSSH\;C:\Users\Admin\AppData\Local\Microsoft\WindowsApps;C:\Program Files\JetBrains\IntelliJ IDEA Community Edition 2023.3.3\bin;;C:\apache-maven-3.9.6\bin;;C:\Users\Admin\AppData\Local\Microsoft\WindowsApps;."/>
    <property name="java.vm.info" value="mixed mode, sharing"/>
    <property name="stderr.encoding" value="Cp1251"/>
    <property name="java.vendor" value="Oracle Corporation"/>
    <property name="java.vm.version" value="21.0.2+13-LTS-58"/>
    <property name="sun.io.unicode.encoding" value="UnicodeLittle"/>
    <property name="java.class.version" value="65.0"/>
  </properties>
  <testcase name="integratedTaskTest" classname="chargetransfer.ChargeTransferBlockTaskTest" time="7.184">
    <system-out><![CDATA[09.05.2024 01:28:41.509 [main] INFO  o.s.t.c.s.DefaultTestContextBootstrapper - Loaded default TestExecutionListener class names from location [META-INF/spring.factories]: [org.springframework.test.context.web.ServletTestExecutionListener, org.springframework.test.context.support.DirtiesContextBeforeModesTestExecutionListener, org.springframework.test.context.support.DependencyInjectionTestExecutionListener, org.springframework.test.context.support.DirtiesContextTestExecutionListener, org.springframework.test.context.transaction.TransactionalTestExecutionListener, org.springframework.test.context.jdbc.SqlScriptsTestExecutionListener, org.springframework.test.context.event.EventPublishingTestExecutionListener]
09.05.2024 01:28:41.516 [main] INFO  o.s.t.c.s.DefaultTestContextBootstrapper - Using TestExecutionListeners: [org.springframework.test.context.support.DirtiesContextBeforeModesTestExecutionListener@2462cb01, org.springframework.test.context.support.DependencyInjectionTestExecutionListener@19b843ba, org.springframework.test.context.support.DirtiesContextTestExecutionListener@64ec96c6, org.springframework.test.context.transaction.TransactionalTestExecutionListener@77659b30, org.springframework.test.context.jdbc.SqlScriptsTestExecutionListener@456d6c1e, org.springframework.test.context.event.EventPublishingTestExecutionListener@1e13529a]
09.05.2024 01:28:41.891 [main] WARN  o.s.c.s.PostProcessorRegistrationDelegate$BeanPostProcessorChecker - Bean 'org.springframework.statemachine.config.configuration.StateMachineAnnotationPostProcessorConfiguration' of type [org.springframework.statemachine.config.configuration.StateMachineAnnotationPostProcessorConfiguration$$SpringCGLIB$$0] is not eligible for getting processed by all BeanPostProcessors (for example: not eligible for auto-proxying). The currently created BeanPostProcessor [org.springframework.statemachine.processor.stateMachineAnnotationPostProcessor] is declared through a non-static factory method on that class; consider declaring it as static instead.
09.05.2024 01:28:42.644 [main] INFO  o.m.s.s.StationStateMachineListener - New Session State: Available, Past Session State: null
09.05.2024 01:28:42.645 [main] INFO  org.mycorp.logging.StationEventLogger - Event published: StateChanged by: StationStateMachineListener
09.05.2024 01:28:42.765 [pool-5-thread-1] INFO  o.m.c.ChargeTransferBlockTask - Charging start, start meter values: 0kWh
09.05.2024 01:28:42.873 [pool-5-thread-1] INFO  o.m.c.ChargeTransferBlockTask - Charging proceed: 0.75600004kWh, common meter values: 0kWh, Seconds from start: 0.108
09.05.2024 01:28:42.981 [pool-5-thread-1] INFO  o.m.c.ChargeTransferBlockTask - Charging proceed: 1.519kWh, common meter values: 1kWh, Seconds from start: 0.21700001
09.05.2024 01:28:43.092 [pool-5-thread-1] INFO  o.m.c.ChargeTransferBlockTask - Charging proceed: 2.296kWh, common meter values: 2kWh, Seconds from start: 0.328
09.05.2024 01:28:43.204 [pool-5-thread-1] INFO  o.m.c.ChargeTransferBlockTask - Charging proceed: 3.0800002kWh, common meter values: 3kWh, Seconds from start: 0.44000003
09.05.2024 01:28:43.315 [pool-5-thread-1] INFO  o.m.c.ChargeTransferBlockTask - Charging proceed: 3.857kWh, common meter values: 3kWh, Seconds from start: 0.551
09.05.2024 01:28:43.426 [pool-5-thread-1] INFO  o.m.c.ChargeTransferBlockTask - Charging proceed: 4.6340003kWh, common meter values: 4kWh, Seconds from start: 0.66200006
09.05.2024 01:28:43.537 [pool-5-thread-1] INFO  o.m.c.ChargeTransferBlockTask - Charging proceed: 5.4110003kWh, common meter values: 5kWh, Seconds from start: 0.77300006
09.05.2024 01:28:43.649 [pool-5-thread-1] INFO  o.m.c.ChargeTransferBlockTask - Charging proceed: 6.195kWh, common meter values: 6kWh, Seconds from start: 0.88500005
09.05.2024 01:28:43.760 [pool-5-thread-1] INFO  o.m.c.ChargeTransferBlockTask - Charging proceed: 6.972kWh, common meter values: 6kWh, Seconds from start: 0.99600005
09.05.2024 01:28:43.867 [pool-5-thread-1] INFO  o.m.c.ChargeTransferBlockTask - Charging proceed: 7.721kWh, common meter values: 7kWh, Seconds from start: 1.103
09.05.2024 01:28:43.975 [pool-5-thread-1] INFO  o.m.c.ChargeTransferBlockTask - Charging proceed: 8.477kWh, common meter values: 8kWh, Seconds from start: 1.2110001
09.05.2024 01:28:44.084 [pool-5-thread-1] INFO  o.m.c.ChargeTransferBlockTask - Charging proceed: 9.240001kWh, common meter values: 9kWh, Seconds from start: 1.32
09.05.2024 01:28:44.194 [pool-5-thread-1] INFO  o.m.c.ChargeTransferBlockTask - Charging proceed: 10.01kWh, common meter values: 10kWh, Seconds from start: 1.4300001
09.05.2024 01:28:44.305 [pool-5-thread-1] INFO  o.m.c.ChargeTransferBlockTask - Charging proceed: 10.787001kWh, common meter values: 10kWh, Seconds from start: 1.5410001
09.05.2024 01:28:44.415 [pool-5-thread-1] INFO  o.m.c.ChargeTransferBlockTask - Charging proceed: 11.557kWh, common meter values: 11kWh, Seconds from start: 1.651
09.05.2024 01:28:44.525 [pool-5-thread-1] INFO  o.m.c.ChargeTransferBlockTask - Charging proceed: 12.327001kWh, common meter values: 12kWh, Seconds from start: 1.761
09.05.2024 01:28:44.635 [pool-5-thread-1] INFO  o.m.c.ChargeTransferBlockTask - Charging proceed: 13.097kWh, common meter values: 13kWh, Seconds from start: 1.871
09.05.2024 01:28:44.745 [pool-5-thread-1] INFO  o.m.c.ChargeTransferBlockTask - Charging proceed: 13.867001kWh, common meter values: 13kWh, Seconds from start: 1.9810001
org.mycorp.models.MeterValues@f9421ee6
org.mycorp.models.MeterValues@f9421ee6
org.mycorp.models.MeterValues@f9421ee6
09.05.2024 01:28:44.856 [pool-5-thread-1] INFO  o.m.c.ChargeTransferBlockTask - Charging proceed: 14.644kWh, common meter values: 14kWh, Seconds from start: 2.092
09.05.2024 01:28:44.967 [pool-5-thread-1] INFO  o.m.c.ChargeTransferBlockTask - Charging proceed: 15.4210005kWh, common meter values: 15kWh, Seconds from start: 2.203
09.05.2024 01:28:45.079 [pool-5-thread-1] INFO  o.m.c.ChargeTransferBlockTask - Charging proceed: 16.205kWh, common meter values: 16kWh, Seconds from start: 2.315
09.05.2024 01:28:45.190 [pool-5-thread-1] INFO  o.m.c.ChargeTransferBlockTask - Charging proceed: 16.982kWh, common meter values: 16kWh, Seconds from start: 2.426
09.05.2024 01:28:45.301 [pool-5-thread-1] INFO  o.m.c.ChargeTransferBlockTask - Charging proceed: 17.759kWh, common meter values: 17kWh, Seconds from start: 2.5370002
09.05.2024 01:28:45.409 [pool-5-thread-1] INFO  o.m.c.ChargeTransferBlockTask - Charging proceed: 18.515001kWh, common meter values: 18kWh, Seconds from start: 2.6450002
09.05.2024 01:28:45.520 [pool-5-thread-1] INFO  o.m.c.ChargeTransferBlockTask - Charging proceed: 19.292kWh, common meter values: 19kWh, Seconds from start: 2.756
09.05.2024 01:28:45.628 [pool-5-thread-1] INFO  o.m.c.ChargeTransferBlockTask - Charging proceed: 20.048kWh, common meter values: 20kWh, Seconds from start: 2.864
09.05.2024 01:28:45.740 [pool-5-thread-1] INFO  o.m.c.ChargeTransferBlockTask - Charging proceed: 20.832kWh, common meter values: 20kWh, Seconds from start: 2.976
09.05.2024 01:28:45.850 [pool-5-thread-1] INFO  o.m.c.ChargeTransferBlockTask - Charging proceed: 21.602001kWh, common meter values: 21kWh, Seconds from start: 3.0860002
09.05.2024 01:28:45.959 [pool-5-thread-1] INFO  o.m.c.ChargeTransferBlockTask - Charging proceed: 22.365kWh, common meter values: 22kWh, Seconds from start: 3.1950002
09.05.2024 01:28:46.067 [pool-5-thread-1] INFO  o.m.c.ChargeTransferBlockTask - Charging proceed: 23.121kWh, common meter values: 23kWh, Seconds from start: 3.3030002
09.05.2024 01:28:46.177 [pool-5-thread-1] INFO  o.m.c.ChargeTransferBlockTask - Charging proceed: 23.891kWh, common meter values: 23kWh, Seconds from start: 3.413
09.05.2024 01:28:46.287 [pool-5-thread-1] INFO  o.m.c.ChargeTransferBlockTask - Charging proceed: 24.661001kWh, common meter values: 24kWh, Seconds from start: 3.5230002
09.05.2024 01:28:46.397 [pool-5-thread-1] INFO  o.m.c.ChargeTransferBlockTask - Charging proceed: 25.431002kWh, common meter values: 25kWh, Seconds from start: 3.6330001
09.05.2024 01:28:46.508 [pool-5-thread-1] INFO  o.m.c.ChargeTransferBlockTask - Charging proceed: 26.208kWh, common meter values: 26kWh, Seconds from start: 3.7440002
09.05.2024 01:28:46.618 [pool-5-thread-1] INFO  o.m.c.ChargeTransferBlockTask - Charging proceed: 26.978kWh, common meter values: 26kWh, Seconds from start: 3.854
09.05.2024 01:28:46.728 [pool-5-thread-1] INFO  o.m.c.ChargeTransferBlockTask - Charging proceed: 27.748001kWh, common meter values: 27kWh, Seconds from start: 3.9640002
org.mycorp.models.MeterValues@4eeaf874
org.mycorp.models.MeterValues@4eeaf874
org.mycorp.models.MeterValues@4eeaf874
09.05.2024 01:28:46.839 [pool-5-thread-1] INFO  o.m.c.ChargeTransferBlockTask - Charging proceed: 28.525002kWh, common meter values: 28kWh, Seconds from start: 4.0750003
09.05.2024 01:28:46.948 [pool-5-thread-1] INFO  o.m.c.ChargeTransferBlockTask - Charging proceed: 29.288kWh, common meter values: 29kWh, Seconds from start: 4.184
09.05.2024 01:28:47.059 [pool-5-thread-1] INFO  o.m.c.ChargeTransferBlockTask - Charging proceed: 30.065kWh, common meter values: 30kWh, Seconds from start: 4.295
09.05.2024 01:28:47.170 [pool-5-thread-1] INFO  o.m.c.ChargeTransferBlockTask - Charging proceed: 30.842001kWh, common meter values: 30kWh, Seconds from start: 4.406
09.05.2024 01:28:47.281 [pool-5-thread-1] INFO  o.m.c.ChargeTransferBlockTask - Charging proceed: 31.619001kWh, common meter values: 31kWh, Seconds from start: 4.517
09.05.2024 01:28:47.393 [pool-5-thread-1] INFO  o.m.c.ChargeTransferBlockTask - Charging proceed: 32.403kWh, common meter values: 32kWh, Seconds from start: 4.629
09.05.2024 01:28:47.505 [pool-5-thread-1] INFO  o.m.c.ChargeTransferBlockTask - Charging proceed: 33.187kWh, common meter values: 33kWh, Seconds from start: 4.741
09.05.2024 01:28:47.614 [pool-5-thread-1] INFO  o.m.c.ChargeTransferBlockTask - Charging proceed: 33.95kWh, common meter values: 33kWh, Seconds from start: 4.8500004
09.05.2024 01:28:47.725 [pool-5-thread-1] INFO  o.m.c.ChargeTransferBlockTask - Charging proceed: 34.727kWh, common meter values: 34kWh, Seconds from start: 4.9610004
09.05.2024 01:28:47.834 [pool-5-thread-1] INFO  o.m.c.ChargeTransferBlockTask - Charging proceed: 35.49kWh, common meter values: 35kWh, Seconds from start: 5.07
09.05.2024 01:28:47.944 [pool-5-thread-1] INFO  o.m.c.ChargeTransferBlockTask - Charging proceed: 36.260002kWh, common meter values: 36kWh, Seconds from start: 5.1800003
09.05.2024 01:28:48.053 [pool-5-thread-1] INFO  o.m.c.ChargeTransferBlockTask - Charging proceed: 37.023003kWh, common meter values: 37kWh, Seconds from start: 5.289
09.05.2024 01:28:48.162 [pool-5-thread-1] INFO  o.m.c.ChargeTransferBlockTask - Charging proceed: 37.786kWh, common meter values: 37kWh, Seconds from start: 5.3980002
09.05.2024 01:28:48.273 [pool-5-thread-1] INFO  o.m.c.ChargeTransferBlockTask - Charging proceed: 38.563kWh, common meter values: 38kWh, Seconds from start: 5.5090003
09.05.2024 01:28:48.384 [pool-5-thread-1] INFO  o.m.c.ChargeTransferBlockTask - Charging proceed: 39.34kWh, common meter values: 39kWh, Seconds from start: 5.6200004
09.05.2024 01:28:48.494 [pool-5-thread-1] INFO  o.m.c.ChargeTransferBlockTask - Charging proceed: 40.11kWh, common meter values: 40kWh, Seconds from start: 5.7300005
09.05.2024 01:28:48.605 [pool-5-thread-1] INFO  o.m.c.ChargeTransferBlockTask - Charging proceed: 40.887kWh, common meter values: 40kWh, Seconds from start: 5.841
09.05.2024 01:28:48.714 [pool-5-thread-1] INFO  o.m.c.ChargeTransferBlockTask - Charging proceed: 41.65kWh, common meter values: 41kWh, Seconds from start: 5.9500003
org.mycorp.models.MeterValues@ac4be970
org.mycorp.models.MeterValues@ac4be970
org.mycorp.models.MeterValues@ac4be970
09.05.2024 01:28:48.824 [pool-5-thread-1] INFO  o.m.c.ChargeTransferBlockTask - Charging proceed: 42.420002kWh, common meter values: 42kWh, Seconds from start: 6.0600004
09.05.2024 01:28:48.935 [pool-5-thread-1] INFO  o.m.c.ChargeTransferBlockTask - Charging proceed: 43.197002kWh, common meter values: 43kWh, Seconds from start: 6.1710005
09.05.2024 01:28:49.045 [pool-5-thread-1] INFO  o.m.c.ChargeTransferBlockTask - Charging proceed: 43.967003kWh, common meter values: 43kWh, Seconds from start: 6.281
09.05.2024 01:28:49.155 [pool-5-thread-1] INFO  o.m.c.ChargeTransferBlockTask - Charging proceed: 44.737kWh, common meter values: 44kWh, Seconds from start: 6.3910003
09.05.2024 01:28:49.266 [pool-5-thread-1] INFO  o.m.c.ChargeTransferBlockTask - Charging proceed: 45.514kWh, common meter values: 45kWh, Seconds from start: 6.5020003
09.05.2024 01:28:49.377 [pool-5-thread-1] INFO  o.m.c.ChargeTransferBlockTask - Charging proceed: 46.291kWh, common meter values: 46kWh, Seconds from start: 6.6130004
09.05.2024 01:28:49.489 [pool-5-thread-1] INFO  o.m.c.ChargeTransferBlockTask - Charging proceed: 47.075kWh, common meter values: 47kWh, Seconds from start: 6.7250004
09.05.2024 01:28:49.599 [pool-5-thread-1] INFO  o.m.c.ChargeTransferBlockTask - Charging proceed: 47.845kWh, common meter values: 47kWh, Seconds from start: 6.8350005
09.05.2024 01:28:49.711 [pool-5-thread-1] INFO  o.m.c.ChargeTransferBlockTask - Charging proceed: 48.629kWh, common meter values: 48kWh, Seconds from start: 6.9470005
09.05.2024 01:28:49.823 [pool-5-thread-1] INFO  o.m.c.ChargeTransferBlockTask - Charging proceed: 49.413002kWh, common meter values: 49kWh, Seconds from start: 7.0590005
09.05.2024 01:28:49.934 [pool-5-thread-1] INFO  o.m.c.ChargeTransferBlockTask - Charging proceed: 50.190002kWh, common meter values: 50kWh, Seconds from start: 7.1700006
09.05.2024 01:28:49.936 [pool-5-thread-1] INFO  o.m.c.ChargeTransferBlockTask - Charging stop normally, total charging time: 7.1700006 seconds, power delivered: 50.190002kWh, finishing meterValues: 50kWh.
]]></system-out>
  </testcase>
  <testcase name="taskTest" classname="chargetransfer.ChargeTransferBlockTaskTest" time="7.153">
    <system-out><![CDATA[09.05.2024 01:28:49.940 [pool-7-thread-1] INFO  o.m.c.ChargeTransferBlockTask - Charging start, start meter values: 50kWh
09.05.2024 01:28:50.042 [pool-7-thread-1] INFO  o.m.c.ChargeTransferBlockTask - Charging proceed: 0.71400005kWh, common meter values: 50kWh, Seconds from start: 0.102000006
09.05.2024 01:28:50.153 [pool-7-thread-1] INFO  o.m.c.ChargeTransferBlockTask - Charging proceed: 1.491kWh, common meter values: 51kWh, Seconds from start: 0.21300001
09.05.2024 01:28:50.265 [pool-7-thread-1] INFO  o.m.c.ChargeTransferBlockTask - Charging proceed: 2.2680001kWh, common meter values: 52kWh, Seconds from start: 0.324
09.05.2024 01:28:50.374 [pool-7-thread-1] INFO  o.m.c.ChargeTransferBlockTask - Charging proceed: 3.038kWh, common meter values: 53kWh, Seconds from start: 0.43400002
09.05.2024 01:28:50.486 [pool-7-thread-1] INFO  o.m.c.ChargeTransferBlockTask - Charging proceed: 3.822kWh, common meter values: 53kWh, Seconds from start: 0.546
09.05.2024 01:28:50.596 [pool-7-thread-1] INFO  o.m.c.ChargeTransferBlockTask - Charging proceed: 4.585kWh, common meter values: 54kWh, Seconds from start: 0.65500003
09.05.2024 01:28:50.707 [pool-7-thread-1] INFO  o.m.c.ChargeTransferBlockTask - Charging proceed: 5.369kWh, common meter values: 55kWh, Seconds from start: 0.767
09.05.2024 01:28:50.817 [pool-7-thread-1] INFO  o.m.c.ChargeTransferBlockTask - Charging proceed: 6.1390004kWh, common meter values: 56kWh, Seconds from start: 0.87700003
09.05.2024 01:28:50.927 [pool-7-thread-1] INFO  o.m.c.ChargeTransferBlockTask - Charging proceed: 6.9020004kWh, common meter values: 56kWh, Seconds from start: 0.98600006
09.05.2024 01:28:51.036 [pool-7-thread-1] INFO  o.m.c.ChargeTransferBlockTask - Charging proceed: 7.6650004kWh, common meter values: 57kWh, Seconds from start: 1.095
09.05.2024 01:28:51.145 [pool-7-thread-1] INFO  o.m.c.ChargeTransferBlockTask - Charging proceed: 8.435kWh, common meter values: 58kWh, Seconds from start: 1.205
09.05.2024 01:28:51.256 [pool-7-thread-1] INFO  o.m.c.ChargeTransferBlockTask - Charging proceed: 9.212kWh, common meter values: 59kWh, Seconds from start: 1.3160001
09.05.2024 01:28:51.366 [pool-7-thread-1] INFO  o.m.c.ChargeTransferBlockTask - Charging proceed: 9.975kWh, common meter values: 59kWh, Seconds from start: 1.4250001
09.05.2024 01:28:51.475 [pool-7-thread-1] INFO  o.m.c.ChargeTransferBlockTask - Charging proceed: 10.745kWh, common meter values: 60kWh, Seconds from start: 1.5350001
09.05.2024 01:28:51.587 [pool-7-thread-1] INFO  o.m.c.ChargeTransferBlockTask - Charging proceed: 11.529kWh, common meter values: 61kWh, Seconds from start: 1.6470001
09.05.2024 01:28:51.697 [pool-7-thread-1] INFO  o.m.c.ChargeTransferBlockTask - Charging proceed: 12.292001kWh, common meter values: 62kWh, Seconds from start: 1.756
09.05.2024 01:28:51.808 [pool-7-thread-1] INFO  o.m.c.ChargeTransferBlockTask - Charging proceed: 13.076kWh, common meter values: 63kWh, Seconds from start: 1.868
09.05.2024 01:28:51.919 [pool-7-thread-1] INFO  o.m.c.ChargeTransferBlockTask - Charging proceed: 13.853001kWh, common meter values: 63kWh, Seconds from start: 1.9790001
09.05.2024 01:28:52.029 [pool-7-thread-1] INFO  o.m.c.ChargeTransferBlockTask - Charging proceed: 14.616kWh, common meter values: 64kWh, Seconds from start: 2.088
09.05.2024 01:28:52.137 [pool-7-thread-1] INFO  o.m.c.ChargeTransferBlockTask - Charging proceed: 15.379001kWh, common meter values: 65kWh, Seconds from start: 2.197
09.05.2024 01:28:52.247 [pool-7-thread-1] INFO  o.m.c.ChargeTransferBlockTask - Charging proceed: 16.142kWh, common meter values: 66kWh, Seconds from start: 2.306
09.05.2024 01:28:52.356 [pool-7-thread-1] INFO  o.m.c.ChargeTransferBlockTask - Charging proceed: 16.912kWh, common meter values: 66kWh, Seconds from start: 2.4160001
09.05.2024 01:28:52.468 [pool-7-thread-1] INFO  o.m.c.ChargeTransferBlockTask - Charging proceed: 17.696001kWh, common meter values: 67kWh, Seconds from start: 2.528
09.05.2024 01:28:52.579 [pool-7-thread-1] INFO  o.m.c.ChargeTransferBlockTask - Charging proceed: 18.473001kWh, common meter values: 68kWh, Seconds from start: 2.6390002
09.05.2024 01:28:52.688 [pool-7-thread-1] INFO  o.m.c.ChargeTransferBlockTask - Charging proceed: 19.236kWh, common meter values: 69kWh, Seconds from start: 2.7480001
09.05.2024 01:28:52.798 [pool-7-thread-1] INFO  o.m.c.ChargeTransferBlockTask - Charging proceed: 19.999kWh, common meter values: 69kWh, Seconds from start: 2.857
09.05.2024 01:28:52.908 [pool-7-thread-1] INFO  o.m.c.ChargeTransferBlockTask - Charging proceed: 20.776001kWh, common meter values: 70kWh, Seconds from start: 2.9680002
09.05.2024 01:28:53.018 [pool-7-thread-1] INFO  o.m.c.ChargeTransferBlockTask - Charging proceed: 21.546001kWh, common meter values: 71kWh, Seconds from start: 3.078
09.05.2024 01:28:53.127 [pool-7-thread-1] INFO  o.m.c.ChargeTransferBlockTask - Charging proceed: 22.309kWh, common meter values: 72kWh, Seconds from start: 3.187
09.05.2024 01:28:53.239 [pool-7-thread-1] INFO  o.m.c.ChargeTransferBlockTask - Charging proceed: 23.086kWh, common meter values: 73kWh, Seconds from start: 3.298
09.05.2024 01:28:53.347 [pool-7-thread-1] INFO  o.m.c.ChargeTransferBlockTask - Charging proceed: 23.849kWh, common meter values: 73kWh, Seconds from start: 3.407
09.05.2024 01:28:53.457 [pool-7-thread-1] INFO  o.m.c.ChargeTransferBlockTask - Charging proceed: 24.619001kWh, common meter values: 74kWh, Seconds from start: 3.5170002
09.05.2024 01:28:53.567 [pool-7-thread-1] INFO  o.m.c.ChargeTransferBlockTask - Charging proceed: 25.382kWh, common meter values: 75kWh, Seconds from start: 3.6260002
09.05.2024 01:28:53.677 [pool-7-thread-1] INFO  o.m.c.ChargeTransferBlockTask - Charging proceed: 26.159kWh, common meter values: 76kWh, Seconds from start: 3.7370002
09.05.2024 01:28:53.787 [pool-7-thread-1] INFO  o.m.c.ChargeTransferBlockTask - Charging proceed: 26.929kWh, common meter values: 76kWh, Seconds from start: 3.8470001
09.05.2024 01:28:53.899 [pool-7-thread-1] INFO  o.m.c.ChargeTransferBlockTask - Charging proceed: 27.706001kWh, common meter values: 77kWh, Seconds from start: 3.9580002
09.05.2024 01:28:54.011 [pool-7-thread-1] INFO  o.m.c.ChargeTransferBlockTask - Charging proceed: 28.497002kWh, common meter values: 78kWh, Seconds from start: 4.071
09.05.2024 01:28:54.120 [pool-7-thread-1] INFO  o.m.c.ChargeTransferBlockTask - Charging proceed: 29.26kWh, common meter values: 79kWh, Seconds from start: 4.1800003
09.05.2024 01:28:54.230 [pool-7-thread-1] INFO  o.m.c.ChargeTransferBlockTask - Charging proceed: 30.03kWh, common meter values: 80kWh, Seconds from start: 4.2900004
09.05.2024 01:28:54.338 [pool-7-thread-1] INFO  o.m.c.ChargeTransferBlockTask - Charging proceed: 30.779001kWh, common meter values: 80kWh, Seconds from start: 4.3970003
09.05.2024 01:28:54.448 [pool-7-thread-1] INFO  o.m.c.ChargeTransferBlockTask - Charging proceed: 31.549002kWh, common meter values: 81kWh, Seconds from start: 4.5070004
09.05.2024 01:28:54.558 [pool-7-thread-1] INFO  o.m.c.ChargeTransferBlockTask - Charging proceed: 32.319kWh, common meter values: 82kWh, Seconds from start: 4.617
09.05.2024 01:28:54.668 [pool-7-thread-1] INFO  o.m.c.ChargeTransferBlockTask - Charging proceed: 33.082kWh, common meter values: 83kWh, Seconds from start: 4.7260003
09.05.2024 01:28:54.777 [pool-7-thread-1] INFO  o.m.c.ChargeTransferBlockTask - Charging proceed: 33.859kWh, common meter values: 83kWh, Seconds from start: 4.8370004
09.05.2024 01:28:54.898 [pool-7-thread-1] INFO  o.m.c.ChargeTransferBlockTask - Charging proceed: 34.706kWh, common meter values: 84kWh, Seconds from start: 4.958
09.05.2024 01:28:55.014 [pool-7-thread-1] INFO  o.m.c.ChargeTransferBlockTask - Charging proceed: 35.511kWh, common meter values: 85kWh, Seconds from start: 5.0730004
09.05.2024 01:28:55.121 [pool-7-thread-1] INFO  o.m.c.ChargeTransferBlockTask - Charging proceed: 36.267002kWh, common meter values: 86kWh, Seconds from start: 5.181
09.05.2024 01:28:55.232 [pool-7-thread-1] INFO  o.m.c.ChargeTransferBlockTask - Charging proceed: 37.037003kWh, common meter values: 87kWh, Seconds from start: 5.2910004
09.05.2024 01:28:55.340 [pool-7-thread-1] INFO  o.m.c.ChargeTransferBlockTask - Charging proceed: 37.793kWh, common meter values: 87kWh, Seconds from start: 5.399
09.05.2024 01:28:55.449 [pool-7-thread-1] INFO  o.m.c.ChargeTransferBlockTask - Charging proceed: 38.563kWh, common meter values: 88kWh, Seconds from start: 5.5090003
09.05.2024 01:28:55.559 [pool-7-thread-1] INFO  o.m.c.ChargeTransferBlockTask - Charging proceed: 39.333kWh, common meter values: 89kWh, Seconds from start: 5.6190004
09.05.2024 01:28:55.668 [pool-7-thread-1] INFO  o.m.c.ChargeTransferBlockTask - Charging proceed: 40.089kWh, common meter values: 90kWh, Seconds from start: 5.727
09.05.2024 01:28:55.777 [pool-7-thread-1] INFO  o.m.c.ChargeTransferBlockTask - Charging proceed: 40.845kWh, common meter values: 90kWh, Seconds from start: 5.8350005
09.05.2024 01:28:55.885 [pool-7-thread-1] INFO  o.m.c.ChargeTransferBlockTask - Charging proceed: 41.615kWh, common meter values: 91kWh, Seconds from start: 5.945
09.05.2024 01:28:55.996 [pool-7-thread-1] INFO  o.m.c.ChargeTransferBlockTask - Charging proceed: 42.385002kWh, common meter values: 92kWh, Seconds from start: 6.0550003
09.05.2024 01:28:56.107 [pool-7-thread-1] INFO  o.m.c.ChargeTransferBlockTask - Charging proceed: 43.162003kWh, common meter values: 93kWh, Seconds from start: 6.1660004
09.05.2024 01:28:56.214 [pool-7-thread-1] INFO  o.m.c.ChargeTransferBlockTask - Charging proceed: 43.918003kWh, common meter values: 93kWh, Seconds from start: 6.274
09.05.2024 01:28:56.325 [pool-7-thread-1] INFO  o.m.c.ChargeTransferBlockTask - Charging proceed: 44.688kWh, common meter values: 94kWh, Seconds from start: 6.3840003
09.05.2024 01:28:56.432 [pool-7-thread-1] INFO  o.m.c.ChargeTransferBlockTask - Charging proceed: 45.444kWh, common meter values: 95kWh, Seconds from start: 6.492
09.05.2024 01:28:56.542 [pool-7-thread-1] INFO  o.m.c.ChargeTransferBlockTask - Charging proceed: 46.214kWh, common meter values: 96kWh, Seconds from start: 6.602
09.05.2024 01:28:56.654 [pool-7-thread-1] INFO  o.m.c.ChargeTransferBlockTask - Charging proceed: 46.991kWh, common meter values: 96kWh, Seconds from start: 6.7130003
09.05.2024 01:28:56.762 [pool-7-thread-1] INFO  o.m.c.ChargeTransferBlockTask - Charging proceed: 47.747kWh, common meter values: 97kWh, Seconds from start: 6.821
09.05.2024 01:28:56.870 [pool-7-thread-1] INFO  o.m.c.ChargeTransferBlockTask - Charging proceed: 48.503002kWh, common meter values: 98kWh, Seconds from start: 6.9290004
09.05.2024 01:28:56.980 [pool-7-thread-1] INFO  o.m.c.ChargeTransferBlockTask - Charging proceed: 49.280003kWh, common meter values: 99kWh, Seconds from start: 7.0400004
09.05.2024 01:28:57.091 [pool-7-thread-1] INFO  o.m.c.ChargeTransferBlockTask - Charging proceed: 50.057003kWh, common meter values: 100kWh, Seconds from start: 7.1510005
09.05.2024 01:28:57.091 [pool-7-thread-1] INFO  o.m.c.ChargeTransferBlockTask - Charging stop normally, total charging time: 7.1510005 seconds, power delivered: 50.057003kWh, finishing meterValues: 100kWh.
]]></system-out>
  </testcase>
  <testcase name="taskCanceledTest" classname="chargetransfer.ChargeTransferBlockTaskTest" time="1.549">
    <system-out><![CDATA[09.05.2024 01:28:57.093 [pool-8-thread-1] INFO  o.m.c.ChargeTransferBlockTask - Charging start, start meter values: 100kWh
09.05.2024 01:28:57.200 [pool-8-thread-1] INFO  o.m.c.ChargeTransferBlockTask - Charging proceed: 0.74200004kWh, common meter values: 100kWh, Seconds from start: 0.106000006
09.05.2024 01:28:57.311 [pool-8-thread-1] INFO  o.m.c.ChargeTransferBlockTask - Charging proceed: 1.519kWh, common meter values: 101kWh, Seconds from start: 0.21700001
09.05.2024 01:28:57.420 [pool-8-thread-1] INFO  o.m.c.ChargeTransferBlockTask - Charging proceed: 2.289kWh, common meter values: 102kWh, Seconds from start: 0.32700002
09.05.2024 01:28:57.532 [pool-8-thread-1] INFO  o.m.c.ChargeTransferBlockTask - Charging proceed: 3.0730002kWh, common meter values: 103kWh, Seconds from start: 0.439
09.05.2024 01:28:57.643 [pool-8-thread-1] INFO  o.m.c.ChargeTransferBlockTask - Charging proceed: 3.8500001kWh, common meter values: 103kWh, Seconds from start: 0.55
09.05.2024 01:28:57.753 [pool-8-thread-1] INFO  o.m.c.ChargeTransferBlockTask - Charging proceed: 4.613kWh, common meter values: 104kWh, Seconds from start: 0.65900004
09.05.2024 01:28:57.863 [pool-8-thread-1] INFO  o.m.c.ChargeTransferBlockTask - Charging proceed: 5.3830004kWh, common meter values: 105kWh, Seconds from start: 0.76900005
09.05.2024 01:28:57.975 [pool-8-thread-1] INFO  o.m.c.ChargeTransferBlockTask - Charging proceed: 6.1670003kWh, common meter values: 106kWh, Seconds from start: 0.88100004
09.05.2024 01:28:58.084 [pool-8-thread-1] INFO  o.m.c.ChargeTransferBlockTask - Charging proceed: 6.9370003kWh, common meter values: 106kWh, Seconds from start: 0.99100006
09.05.2024 01:28:58.193 [pool-8-thread-1] INFO  o.m.c.ChargeTransferBlockTask - Charging proceed: 7.6930003kWh, common meter values: 107kWh, Seconds from start: 1.0990001
09.05.2024 01:28:58.302 [pool-8-thread-1] INFO  o.m.c.ChargeTransferBlockTask - Charging proceed: 8.456kWh, common meter values: 108kWh, Seconds from start: 1.2080001
09.05.2024 01:28:58.410 [pool-8-thread-1] INFO  o.m.c.ChargeTransferBlockTask - Charging proceed: 9.212kWh, common meter values: 109kWh, Seconds from start: 1.3160001
09.05.2024 01:28:58.521 [pool-8-thread-1] INFO  o.m.c.ChargeTransferBlockTask - Charging proceed: 9.996kWh, common meter values: 109kWh, Seconds from start: 1.4280001
09.05.2024 01:28:58.634 [pool-8-thread-1] INFO  o.m.c.ChargeTransferBlockTask - Charging proceed: 10.780001kWh, common meter values: 110kWh, Seconds from start: 1.5400001
09.05.2024 01:28:58.634 [pool-8-thread-1] INFO  o.m.c.ChargeTransferBlockTask - Charging stop normally, total charging time: 1.5410001 seconds, power delivered: 10.780001kWh, finishing meterValues: 110kWh.
Seconds before stop: 0.032
]]></system-out>
  </testcase>
  <testcase name="getMeterValuesInTimeTest" classname="chargetransfer.ChargeTransferBlockTaskTest" time="0.256">
    <system-out><![CDATA[09.05.2024 01:28:58.643 [pool-9-thread-1] INFO  o.m.c.ChargeTransferBlockTask - Charging start, start meter values: 110kWh
09.05.2024 01:28:58.758 [pool-9-thread-1] INFO  o.m.c.ChargeTransferBlockTask - Charging proceed: 0.79800004kWh, common meter values: 110kWh, Seconds from start: 0.11400001
09.05.2024 01:28:58.868 [pool-9-thread-1] INFO  o.m.c.ChargeTransferBlockTask - Charging proceed: 1.575kWh, common meter values: 111kWh, Seconds from start: 0.22500001
]]></system-out>
  </testcase>
</testsuite>